<?xml version="1.0" encoding="UTF-8"?>
<!-- Generated by org.testng.reporters.JUnitReportReporter -->
<testsuite skipped="0" hostname="DESKTOP-ESGJ9GD" name="test.LogInTest" tests="1" failures="0" timestamp="2023-05-22T21:32:09 EDT" time="5.228" errors="0">
  <testcase name="validUserShouldAbleToLogIn" time="5.228" classname="test.LogInTest"/>
  <system-out/>
</testsuite> <!-- test.LogInTest -->
